2023-04-26T05:48:11+00:00 CRITICAL Uncaught Error: Call to undefined function have_post() in /opt/lampp/htdocs/learning/wp-content/themes/C13theme/page-contact-us.php:4
Stack trace:
#0 /opt/lampp/htdocs/learning/wp-includes/template-loader.php(106): include()
#1 /opt/lampp/htdocs/learning/wp-blog-header.php(19): require_once('/opt/lampp/htdo...')
#2 /opt/lampp/htdocs/learning/index.php(17): require('/opt/lampp/htdo...')
#3 {main}
  thrown in /opt/lampp/htdocs/learning/wp-content/themes/C13theme/page-contact-us.php on line 4

2023-04-26T05:50:13+00:00 CRITICAL Uncaught Error: Call to undefined function have_post() in /opt/lampp/htdocs/learning/wp-content/themes/C13theme/page-contact-us.php:4
Stack trace:
#0 /opt/lampp/htdocs/learning/wp-includes/template-loader.php(106): include()
#1 /opt/lampp/htdocs/learning/wp-blog-header.php(19): require_once('/opt/lampp/htdo...')
#2 /opt/lampp/htdocs/learning/index.php(17): require('/opt/lampp/htdo...')
#3 {main}
  thrown in /opt/lampp/htdocs/learning/wp-content/themes/C13theme/page-contact-us.php on line 4

2023-04-26T05:50:15+00:00 CRITICAL Uncaught Error: Call to undefined function have_post() in /opt/lampp/htdocs/learning/wp-content/themes/C13theme/page-contact-us.php:4
Stack trace:
#0 /opt/lampp/htdocs/learning/wp-includes/template-loader.php(106): include()
#1 /opt/lampp/htdocs/learning/wp-blog-header.php(19): require_once('/opt/lampp/htdo...')
#2 /opt/lampp/htdocs/learning/index.php(17): require('/opt/lampp/htdo...')
#3 {main}
  thrown in /opt/lampp/htdocs/learning/wp-content/themes/C13theme/page-contact-us.php on line 4

2023-04-26T05:50:17+00:00 CRITICAL Uncaught Error: Call to undefined function have_post() in /opt/lampp/htdocs/learning/wp-content/themes/C13theme/page-contact-us.php:4
Stack trace:
#0 /opt/lampp/htdocs/learning/wp-includes/template-loader.php(106): include()
#1 /opt/lampp/htdocs/learning/wp-blog-header.php(19): require_once('/opt/lampp/htdo...')
#2 /opt/lampp/htdocs/learning/index.php(17): require('/opt/lampp/htdo...')
#3 {main}
  thrown in /opt/lampp/htdocs/learning/wp-content/themes/C13theme/page-contact-us.php on line 4

2023-04-26T07:22:51+00:00 CRITICAL Uncaught Error: Call to a member function have_posts() on null in /opt/lampp/htdocs/learning/wp-content/themes/C13theme/page-posts.php:23
Stack trace:
#0 /opt/lampp/htdocs/learning/wp-includes/template-loader.php(106): include()
#1 /opt/lampp/htdocs/learning/wp-blog-header.php(19): require_once('/opt/lampp/htdo...')
#2 /opt/lampp/htdocs/learning/index.php(17): require('/opt/lampp/htdo...')
#3 {main}
  thrown in /opt/lampp/htdocs/learning/wp-content/themes/C13theme/page-posts.php on line 23

2023-04-26T07:25:50+00:00 CRITICAL Uncaught Error: Call to a member function have_posts() on null in /opt/lampp/htdocs/learning/wp-content/themes/C13theme/page-posts.php:13
Stack trace:
#0 /opt/lampp/htdocs/learning/wp-includes/template-loader.php(106): include()
#1 /opt/lampp/htdocs/learning/wp-blog-header.php(19): require_once('/opt/lampp/htdo...')
#2 /opt/lampp/htdocs/learning/index.php(17): require('/opt/lampp/htdo...')
#3 {main}
  thrown in /opt/lampp/htdocs/learning/wp-content/themes/C13theme/page-posts.php on line 13

2023-04-26T07:27:57+00:00 CRITICAL Uncaught Error: Call to a member function have_posts() on null in /opt/lampp/htdocs/learning/wp-content/themes/C13theme/page-posts.php:13
Stack trace:
#0 /opt/lampp/htdocs/learning/wp-includes/template-loader.php(106): include()
#1 /opt/lampp/htdocs/learning/wp-blog-header.php(19): require_once('/opt/lampp/htdo...')
#2 /opt/lampp/htdocs/learning/index.php(17): require('/opt/lampp/htdo...')
#3 {main}
  thrown in /opt/lampp/htdocs/learning/wp-content/themes/C13theme/page-posts.php on line 13

2023-04-26T07:28:01+00:00 CRITICAL Uncaught Error: Call to a member function have_posts() on null in /opt/lampp/htdocs/learning/wp-content/themes/C13theme/page-posts.php:13
Stack trace:
#0 /opt/lampp/htdocs/learning/wp-includes/template-loader.php(106): include()
#1 /opt/lampp/htdocs/learning/wp-blog-header.php(19): require_once('/opt/lampp/htdo...')
#2 /opt/lampp/htdocs/learning/index.php(17): require('/opt/lampp/htdo...')
#3 {main}
  thrown in /opt/lampp/htdocs/learning/wp-content/themes/C13theme/page-posts.php on line 13

2023-04-26T07:30:49+00:00 CRITICAL Uncaught Error: Call to a member function have_posts() on null in /opt/lampp/htdocs/learning/wp-content/themes/C13theme/page-posts.php:13
Stack trace:
#0 /opt/lampp/htdocs/learning/wp-includes/template-loader.php(106): include()
#1 /opt/lampp/htdocs/learning/wp-blog-header.php(19): require_once('/opt/lampp/htdo...')
#2 /opt/lampp/htdocs/learning/index.php(17): require('/opt/lampp/htdo...')
#3 {main}
  thrown in /opt/lampp/htdocs/learning/wp-content/themes/C13theme/page-posts.php on line 13

2023-04-26T07:30:55+00:00 CRITICAL Uncaught Error: Call to a member function have_posts() on null in /opt/lampp/htdocs/learning/wp-content/themes/C13theme/page-posts.php:13
Stack trace:
#0 /opt/lampp/htdocs/learning/wp-includes/template-loader.php(106): include()
#1 /opt/lampp/htdocs/learning/wp-blog-header.php(19): require_once('/opt/lampp/htdo...')
#2 /opt/lampp/htdocs/learning/index.php(17): require('/opt/lampp/htdo...')
#3 {main}
  thrown in /opt/lampp/htdocs/learning/wp-content/themes/C13theme/page-posts.php on line 13

2023-04-26T07:38:12+00:00 CRITICAL Uncaught Error: Call to a member function have_posts() on null in /opt/lampp/htdocs/learning/wp-content/themes/C13theme/page-posts.php:14
Stack trace:
#0 /opt/lampp/htdocs/learning/wp-includes/template-loader.php(106): include()
#1 /opt/lampp/htdocs/learning/wp-blog-header.php(19): require_once('/opt/lampp/htdo...')
#2 /opt/lampp/htdocs/learning/index.php(17): require('/opt/lampp/htdo...')
#3 {main}
  thrown in /opt/lampp/htdocs/learning/wp-content/themes/C13theme/page-posts.php on line 14

2023-04-26T07:38:19+00:00 CRITICAL Uncaught Error: Call to a member function have_posts() on null in /opt/lampp/htdocs/learning/wp-content/themes/C13theme/page-posts.php:14
Stack trace:
#0 /opt/lampp/htdocs/learning/wp-includes/template-loader.php(106): include()
#1 /opt/lampp/htdocs/learning/wp-blog-header.php(19): require_once('/opt/lampp/htdo...')
#2 /opt/lampp/htdocs/learning/index.php(17): require('/opt/lampp/htdo...')
#3 {main}
  thrown in /opt/lampp/htdocs/learning/wp-content/themes/C13theme/page-posts.php on line 14

